<?xml version="1.0" encoding="UTF-8"?>
<!-- Generated by org.testng.reporters.JUnitXMLReporter -->
<testsuite ignored="0" hostname="Aditya" failures="1" tests="2" name="Default test" time="7.383" errors="0" timestamp="2025-07-04T22:56:43 IST">
  <testcase classname="test.DatePickerTest" name="datepickWithSendKeys" time="0.216"/>
  <testcase classname="test.DatePickerTest" name="datepickUsingCalendar" time="0.248">
    <failure type="java.time.format.DateTimeParseException" message="Text &amp;apos;0701  2025&amp;apos; could not be parsed, unparsed text found at index 2">
      <![CDATA[java.time.format.DateTimeParseException: Text '0701  2025' could not be parsed, unparsed text found at index 2
at java.base/java.time.format.DateTimeFormatter.parseResolved0(DateTimeFormatter.java:2111)
at java.base/java.time.format.DateTimeFormatter.parse(DateTimeFormatter.java:2010)
at java.base/java.time.LocalDate.parse(LocalDate.java:435)
at pages.DatePicker.isMonthAfter(DatePicker.java:71)
at pages.DatePicker.datepicker_1(DatePicker.java:54)
at test.DatePickerTest.datepickUsingCalendar(DatePickerTest.java:27)
at java.base/jdk.internal.reflect.DirectMethodHandleAccessor.invoke(DirectMethodHandleAccessor.java:104)
at java.base/java.lang.reflect.Method.invoke(Method.java:565)
at org.testng.internal.invokers.MethodInvocationHelper.invokeMethod(MethodInvocationHelper.java:141)
at org.testng.internal.invokers.TestInvoker.invokeMethod(TestInvoker.java:687)
at org.testng.internal.invokers.TestInvoker.invokeTestMethod(TestInvoker.java:230)
at org.testng.internal.invokers.MethodRunner.runInSequence(MethodRunner.java:63)
at org.testng.internal.invokers.TestInvoker$MethodInvocationAgent.invoke(TestInvoker.java:995)
at org.testng.internal.invokers.TestInvoker.invokeTestMethods(TestInvoker.java:203)
at org.testng.internal.invokers.TestMethodWorker.invokeTestMethods(TestMethodWorker.java:154)
at org.testng.internal.invokers.TestMethodWorker.run(TestMethodWorker.java:134)
at java.base/java.util.ArrayList.forEach(ArrayList.java:1604)
at org.testng.TestRunner.privateRun(TestRunner.java:741)
at org.testng.TestRunner.run(TestRunner.java:616)
at org.testng.SuiteRunner.runTest(SuiteRunner.java:421)
at org.testng.SuiteRunner.runSequentially(SuiteRunner.java:413)
at org.testng.SuiteRunner.privateRun(SuiteRunner.java:373)
at org.testng.SuiteRunner.run(SuiteRunner.java:312)
at org.testng.SuiteRunnerWorker.runSuite(SuiteRunnerWorker.java:52)
at org.testng.SuiteRunnerWorker.run(SuiteRunnerWorker.java:95)
at org.testng.TestNG.runSuitesSequentially(TestNG.java:1274)
at org.testng.TestNG.runSuitesLocally(TestNG.java:1208)
at org.testng.TestNG.runSuites(TestNG.java:1112)
at org.testng.TestNG.run(TestNG.java:1079)
at org.testng.remote.AbstractRemoteTestNG.run(AbstractRemoteTestNG.java:115)
at org.testng.remote.RemoteTestNG.initAndRun(RemoteTestNG.java:293)
at org.testng.remote.RemoteTestNG.main(RemoteTestNG.java:91)
]]>
    </failure>
  </testcase> <!-- datepickUsingCalendar -->
</testsuite> <!-- Default test -->
