<?xml version="1.0" encoding="UTF-8"?>
<testng-results ignored="0" total="1" passed="1" failed="0" skipped="0">
  <reporter-output>
  </reporter-output>
  <suite started-at="2025-07-07T08:22:08 IST" name="Default suite" finished-at="2025-07-07T08:22:14 IST" duration-ms="6295">
    <groups>
    </groups>
    <test started-at="2025-07-07T08:22:08 IST" name="Default test" finished-at="2025-07-07T08:22:14 IST" duration-ms="6295">
      <class name="test.TableHandileTest">
        <test-method is-config="true" signature="openurl()[pri:0, instance:test.TableHandileTest@8f4ea7c]" started-at="2025-07-07T08:22:08 IST" name="openurl" finished-at="2025-07-07T08:22:13 IST" duration-ms="4946" status="PASS">
          <reporter-output>
          </reporter-output>
        </test-method> <!-- openurl -->
        <test-method signature="statictablehandletest()[pri:0, instance:test.TableHandileTest@8f4ea7c]" started-at="2025-07-07T08:22:13 IST" name="statictablehandletest" finished-at="2025-07-07T08:22:14 IST" duration-ms="1174" status="PASS">
          <reporter-output>
          </reporter-output>
        </test-method> <!-- statictablehandletest -->
        <test-method is-config="true" signature="closbrowser()[pri:0, instance:test.TableHandileTest@8f4ea7c]" started-at="2025-07-07T08:22:14 IST" name="closbrowser" finished-at="2025-07-07T08:22:14 IST" duration-ms="142" status="PASS">
          <reporter-output>
          </reporter-output>
        </test-method> <!-- closbrowser -->
      </class> <!-- test.TableHandileTest -->
    </test> <!-- Default test -->
  </suite> <!-- Default suite -->
</testng-results>
